TN:
SF:controllers\user.controller.ts
FN:16,registration
FN:36,validateInput
FN:42,checkIfEmailExists
FN:49,generateActivationToken
FN:54,generateActivationCode
FN:59,sendActivationEmail
FN:70,handleRegistrationError
FN:74,handleError
FNF:8
FNH:8
FNDA:1,registration
FNDA:1,validateInput
FNDA:1,checkIfEmailExists
FNDA:1,generateActivationToken
FNDA:1,generateActivationCode
FNDA:1,sendActivationEmail
FNDA:1,handleRegistrationError
FNDA:1,handleError
DA:1,1
DA:2,1
DA:3,1
DA:4,1
DA:5,1
DA:6,1
DA:7,1
DA:8,1
DA:9,1
DA:10,1
DA:11,1
DA:12,1
DA:13,1
DA:14,1
DA:15,1
DA:16,1
DA:17,1
DA:18,1
DA:19,1
DA:20,1
DA:21,1
DA:22,1
DA:23,1
DA:24,0
DA:25,0
DA:26,0
DA:27,0
DA:28,0
DA:29,0
DA:30,0
DA:31,1
DA:32,1
DA:33,1
DA:34,1
DA:35,1
DA:36,1
DA:37,1
DA:38,0
DA:39,0
DA:40,1
DA:41,1
DA:42,1
DA:43,1
DA:44,1
DA:45,0
DA:46,0
DA:47,1
DA:48,1
DA:49,1
DA:50,1
DA:51,1
DA:52,1
DA:53,1
DA:54,1
DA:55,1
DA:56,1
DA:57,1
DA:58,1
DA:59,1
DA:60,1
DA:61,1
DA:62,1
DA:63,1
DA:64,1
DA:65,1
DA:66,1
DA:67,0
DA:68,1
DA:69,1
DA:70,1
DA:71,1
DA:72,1
DA:73,1
DA:74,1
DA:75,1
DA:76,1
LF:76
LH:64
BRDA:16,0,0,1
BRDA:24,1,0,0
BRDA:36,2,0,1
BRDA:37,3,0,0
BRDA:42,4,0,1
BRDA:44,5,0,0
BRDA:49,6,0,1
BRDA:51,7,0,0
BRDA:54,8,0,1
BRDA:59,9,0,1
BRDA:67,10,0,0
BRDA:70,11,0,1
BRDA:74,12,0,1
BRF:13
BRH:8
end_of_record
TN:
SF:utils\errorHandler.ts
FN:3,ErrorHandler
FNF:1
FNH:1
FNDA:1,ErrorHandler
DA:1,1
DA:2,1
DA:3,1
DA:4,1
DA:5,1
DA:6,1
DA:7,1
DA:8,1
DA:9,1
DA:10,1
DA:11,1
LF:11
LH:11
BRDA:3,0,0,1
BRF:1
BRH:1
end_of_record
TN:
SF:utils\sendMail.ts
FN:15,sendMail
FNF:1
FNH:1
FNDA:1,sendMail
DA:1,1
DA:2,1
DA:3,1
DA:4,1
DA:5,1
DA:6,1
DA:7,1
DA:8,1
DA:9,1
DA:10,1
DA:11,1
DA:12,1
DA:13,1
DA:14,1
DA:15,1
DA:16,1
DA:17,1
DA:18,1
DA:19,1
DA:20,1
DA:21,1
DA:22,1
DA:23,1
DA:24,1
DA:25,1
DA:26,1
DA:27,1
DA:28,1
DA:29,1
DA:30,1
DA:31,0
DA:32,0
DA:33,0
DA:34,0
DA:35,0
DA:36,0
DA:37,0
DA:38,0
DA:39,0
DA:40,0
DA:41,0
DA:42,1
DA:43,1
LF:43
LH:32
BRDA:15,0,0,1
BRDA:18,1,0,0
BRDA:31,2,0,0
BRF:3
BRH:1
end_of_record
