TN:
SF:controllers\user.controller.ts
FN:16,registration
FN:33,validateInput
FN:39,checkIfEmailExists
FN:46,generateActivationToken
FN:51,generateActivationCode
FN:56,sendActivationEmail
FN:67,handleRegistrationError
FN:71,handleError
FNF:8
FNH:6
FNDA:1,registration
FNDA:1,validateInput
FNDA:1,checkIfEmailExists
FNDA:1,generateActivationToken
FNDA:1,generateActivationCode
FNDA:1,sendActivationEmail
FNDA:0,handleRegistrationError
FNDA:0,handleError
DA:1,1
DA:2,1
DA:3,1
DA:4,1
DA:5,1
DA:6,1
DA:7,1
DA:8,1
DA:9,1
DA:10,1
DA:11,1
DA:12,1
DA:13,1
DA:14,1
DA:15,1
DA:16,1
DA:17,1
DA:18,1
DA:19,1
DA:20,1
DA:21,1
DA:22,1
DA:23,1
DA:24,1
DA:25,1
DA:26,1
DA:27,1
DA:28,1
DA:29,0
DA:30,0
DA:31,1
DA:32,1
DA:33,1
DA:34,1
DA:35,0
DA:36,0
DA:37,1
DA:38,1
DA:39,1
DA:40,1
DA:41,1
DA:42,0
DA:43,0
DA:44,1
DA:45,1
DA:46,1
DA:47,1
DA:48,1
DA:49,1
DA:50,1
DA:51,1
DA:52,1
DA:53,1
DA:54,1
DA:55,1
DA:56,1
DA:57,1
DA:58,1
DA:59,1
DA:60,1
DA:61,1
DA:62,1
DA:63,1
DA:64,1
DA:65,1
DA:66,1
DA:67,1
DA:68,0
DA:69,0
DA:70,1
DA:71,1
DA:72,0
DA:73,0
LF:73
LH:63
BRDA:16,0,0,1
BRDA:28,1,0,0
BRDA:33,2,0,1
BRDA:34,3,0,0
BRDA:39,4,0,1
BRDA:41,5,0,0
BRDA:46,6,0,1
BRDA:48,7,0,0
BRDA:51,8,0,1
BRDA:56,9,0,1
BRF:10
BRH:6
end_of_record
TN:
SF:utils\errorHandler.ts
FN:3,ErrorHandler
FNF:1
FNH:0
FNDA:0,ErrorHandler
DA:1,1
DA:2,1
DA:3,1
DA:4,0
DA:5,0
DA:6,0
DA:7,0
DA:8,0
DA:9,1
DA:10,1
DA:11,1
LF:11
LH:6
BRF:0
BRH:0
end_of_record
TN:
SF:utils\sendMail.ts
FN:15,sendMail
FNF:1
FNH:1
FNDA:1,sendMail
DA:1,1
DA:2,1
DA:3,1
DA:4,1
DA:5,1
DA:6,1
DA:7,1
DA:8,1
DA:9,1
DA:10,1
DA:11,1
DA:12,1
DA:13,1
DA:14,1
DA:15,1
DA:16,1
DA:17,1
DA:18,1
DA:19,1
DA:20,1
DA:21,1
DA:22,1
DA:23,1
DA:24,1
DA:25,1
DA:26,1
DA:27,1
DA:28,1
DA:29,1
DA:30,1
DA:31,1
DA:32,1
DA:33,1
DA:34,1
DA:35,1
DA:36,1
DA:37,1
DA:38,1
DA:39,1
DA:40,1
DA:41,1
DA:42,1
DA:43,1
LF:43
LH:43
BRDA:15,0,0,1
BRDA:18,1,0,0
BRF:2
BRH:1
end_of_record
